<?xml version="1.0" encoding="UTF-8"?>
<!-- Generated by org.testng.reporters.JUnitReportReporter -->
<testsuite hostname="DESKTOP-PP79MS9" failures="0" tests="3" name="com.flipkart.FlipkartAutomationTest" time="30.974" errors="0" timestamp="2024-09-22T23:44:29 IST" skipped="0">
  <testcase classname="com.flipkart.FlipkartAutomationTest" name="searchProduct" time="7.944"/>
  <system-out/>
  <testcase classname="com.flipkart.FlipkartAutomationTest" name="addProductToCart" time="11.911"/>
  <system-out/>
  <testcase classname="com.flipkart.FlipkartAutomationTest" name="proceedToCheckout" time="11.119"/>
  <system-out/>
</testsuite> <!-- com.flipkart.FlipkartAutomationTest -->
